<?xml version="1.0" encoding="UTF-8"?>
<testng-results ignored="0" total="1" passed="1" failed="0" skipped="0">
  <reporter-output>
  </reporter-output>
  <suite started-at="2023-05-11T10:48:43 IST" name="Default suite" finished-at="2023-05-11T10:49:20 IST" duration-ms="36994">
    <groups>
    </groups>
    <test started-at="2023-05-11T10:48:43 IST" name="Default test" finished-at="2023-05-11T10:49:20 IST" duration-ms="36994">
      <class name="appium.Demo13">
        <test-method signature="login()[pri:0, instance:appium.Demo13@82de64a]" started-at="2023-05-11T10:48:43 IST" name="login" finished-at="2023-05-11T10:49:20 IST" duration-ms="36882" status="PASS">
          <reporter-output>
          </reporter-output>
        </test-method> <!-- login -->
      </class> <!-- appium.Demo13 -->
    </test> <!-- Default test -->
  </suite> <!-- Default suite -->
</testng-results>
